  Application.cpp
C:\Users\Ben\Documents\GitHub\DirectX-Framework\DX11 Framework (Final)\Application.cpp(610,27): warning C4018: '>=': signed/unsigned mismatch
C:\Users\Ben\Documents\GitHub\DirectX-Framework\DX11 Framework (Final)\Application.cpp(702,27): warning C4018: '<': signed/unsigned mismatch
C:\Users\Ben\Documents\GitHub\DirectX-Framework\DX11 Framework (Final)\Application.cpp(790,30): warning C4244: 'initializing': conversion from 'float' to 'DWORD', possible loss of data
C:\Users\Ben\Documents\GitHub\DirectX-Framework\DX11 Framework (Final)\Application.cpp(808,44): warning C4458: declaration of 'gameObject' hides class member
C:\Users\Ben\Documents\GitHub\DirectX-Framework\DX11 Framework (Final)\Application.h(101,14): message : see declaration of 'Application::gameObject'
C:\Users\Ben\Documents\GitHub\DirectX-Framework\DX11 Framework (Final)\Application.cpp(898): warning C4238: nonstandard extension used: class rvalue used as lvalue
C:\Users\Ben\Documents\GitHub\DirectX-Framework\DX11 Framework (Final)\Application.cpp(899): warning C4238: nonstandard extension used: class rvalue used as lvalue
C:\Users\Ben\Documents\GitHub\DirectX-Framework\DX11 Framework (Final)\Application.cpp(900): warning C4238: nonstandard extension used: class rvalue used as lvalue
C:\Users\Ben\Documents\GitHub\DirectX-Framework\DX11 Framework (Final)\Application.cpp(901): warning C4238: nonstandard extension used: class rvalue used as lvalue
C:\Users\Ben\Documents\GitHub\DirectX-Framework\DX11 Framework (Final)\Application.cpp(902): warning C4238: nonstandard extension used: class rvalue used as lvalue
C:\Users\Ben\Documents\GitHub\DirectX-Framework\DX11 Framework (Final)\Application.cpp(903): warning C4238: nonstandard extension used: class rvalue used as lvalue
C:\Users\Ben\Documents\GitHub\DirectX-Framework\DX11 Framework (Final)\Application.cpp(904): warning C4238: nonstandard extension used: class rvalue used as lvalue
C:\Users\Ben\Documents\GitHub\DirectX-Framework\DX11 Framework (Final)\Application.cpp(905): warning C4238: nonstandard extension used: class rvalue used as lvalue
C:\Users\Ben\Documents\GitHub\DirectX-Framework\DX11 Framework (Final)\Application.cpp(943,40): warning C4458: declaration of 'gameObject' hides class member
C:\Users\Ben\Documents\GitHub\DirectX-Framework\DX11 Framework (Final)\Application.h(101,14): message : see declaration of 'Application::gameObject'
C:\Users\Ben\Documents\GitHub\DirectX-Framework\DX11 Framework (Final)\Application.cpp(898,54): warning C4238: nonstandard extension used: class rvalue used as lvalue
C:\Users\Ben\Documents\GitHub\DirectX-Framework\DX11 Framework (Final)\Application.cpp(899,66): warning C4238: nonstandard extension used: class rvalue used as lvalue
C:\Users\Ben\Documents\GitHub\DirectX-Framework\DX11 Framework (Final)\Application.cpp(900,58): warning C4238: nonstandard extension used: class rvalue used as lvalue
C:\Users\Ben\Documents\GitHub\DirectX-Framework\DX11 Framework (Final)\Application.cpp(901,70): warning C4238: nonstandard extension used: class rvalue used as lvalue
C:\Users\Ben\Documents\GitHub\DirectX-Framework\DX11 Framework (Final)\Application.cpp(902,58): warning C4238: nonstandard extension used: class rvalue used as lvalue
C:\Users\Ben\Documents\GitHub\DirectX-Framework\DX11 Framework (Final)\Application.cpp(903,70): warning C4238: nonstandard extension used: class rvalue used as lvalue
C:\Users\Ben\Documents\GitHub\DirectX-Framework\DX11 Framework (Final)\Application.cpp(904,58): warning C4238: nonstandard extension used: class rvalue used as lvalue
C:\Users\Ben\Documents\GitHub\DirectX-Framework\DX11 Framework (Final)\Application.cpp(905,70): warning C4238: nonstandard extension used: class rvalue used as lvalue
  DX11 Framework.vcxproj -> C:\Users\Ben\Documents\GitHub\DirectX-Framework\DX11 Framework (Final)\Debug\DX11 Framework.exe
