c:\users\ben\onedrive - staffordshire university\year 2\fggc\dx11 framework (final)\debug\vc142.pdb
c:\users\ben\onedrive - staffordshire university\year 2\fggc\dx11 framework (final)\debug\vc142.idb
c:\users\ben\onedrive - staffordshire university\year 2\fggc\dx11 framework (final)\debug\objloader.obj
c:\users\ben\onedrive - staffordshire university\year 2\fggc\dx11 framework (final)\debug\dx11 framework.obj
c:\users\ben\onedrive - staffordshire university\year 2\fggc\dx11 framework (final)\debug\ddstextureloader.obj
c:\users\ben\onedrive - staffordshire university\year 2\fggc\dx11 framework (final)\debug\camera.obj
c:\users\ben\onedrive - staffordshire university\year 2\fggc\dx11 framework (final)\debug\application.obj
c:\users\ben\onedrive - staffordshire university\year 2\fggc\dx11 framework (final)\debug\dx11 framework.exe
c:\users\ben\onedrive - staffordshire university\year 2\fggc\dx11 framework (final)\debug\dx11 framework.ilk
c:\users\ben\onedrive - staffordshire university\year 2\fggc\dx11 framework (final)\debug\dx11 framework.pdb
c:\users\ben\onedrive - staffordshire university\year 2\fggc\dx11 framework (final)\debug\dx11 framework.res
c:\users\ben\onedrive - staffordshire university\year 2\fggc\dx11 framework (final)\debug\dx11 framework.tlog\cl.command.1.tlog
c:\users\ben\onedrive - staffordshire university\year 2\fggc\dx11 framework (final)\debug\dx11 framework.tlog\cl.read.1.tlog
c:\users\ben\onedrive - staffordshire university\year 2\fggc\dx11 framework (final)\debug\dx11 framework.tlog\cl.write.1.tlog
c:\users\ben\onedrive - staffordshire university\year 2\fggc\dx11 framework (final)\debug\dx11 framework.tlog\link.command.1.tlog
c:\users\ben\onedrive - staffordshire university\year 2\fggc\dx11 framework (final)\debug\dx11 framework.tlog\link.read.1.tlog
c:\users\ben\onedrive - staffordshire university\year 2\fggc\dx11 framework (final)\debug\dx11 framework.tlog\link.write.1.tlog
c:\users\ben\onedrive - staffordshire university\year 2\fggc\dx11 framework (final)\debug\dx11 framework.tlog\rc.command.1.tlog
c:\users\ben\onedrive - staffordshire university\year 2\fggc\dx11 framework (final)\debug\dx11 framework.tlog\rc.read.1.tlog
c:\users\ben\onedrive - staffordshire university\year 2\fggc\dx11 framework (final)\debug\dx11 framework.tlog\rc.write.1.tlog
